<?xml version="1.0" encoding="UTF-8"?>
<!-- Generated by org.testng.reporters.JUnitReportReporter -->
<testsuite hostname="RAYAN" failures="0" tests="1" name="Emu_TestRunner.Emu_TestRunner" time="18.843" errors="0" timestamp="2023-10-05T03:25:32 EDT" skipped="0">
  <testcase classname="Emu_TestRunner.Emu_TestRunner" name="feature" time="18.843"/>
</testsuite> <!-- Emu_TestRunner.Emu_TestRunner -->
